app/build/intermediates/manifest_merge_blame_file/debug/manifest-merger-blame-debug-report.txt
1<?xml version="1.0" encoding="utf-8"?>
2<manifest xmlns:android="http://schemas.android.com/apk/res/android"
3    package="com.example.todomvvm"
4    android:versionCode="1"
5    android:versionName="1.0" >
6
7    <uses-sdk
8        android:minSdkVersion="23"
8-->src\main\AndroidManifest.xml
9        android:targetSdkVersion="29" />
9-->src\main\AndroidManifest.xml
10
11    <application
11-->src\main\AndroidManifest.xml:5:5-29:19
12        android:allowBackup="true"
12-->src\main\AndroidManifest.xml:6:9-35
13        android:appComponentFactory="androidx.core.app.CoreComponentFactory"
13-->[androidx.core:core:1.1.0] AndroidManifest.xml:24:18-86
14        android:debuggable="true"
15        android:extractNativeLibs="false"
16        android:icon="@mipmap/ic_launcher"
16-->src\main\AndroidManifest.xml:7:9-43
17        android:label="@string/app_name"
17-->src\main\AndroidManifest.xml:8:9-41
18        android:roundIcon="@mipmap/ic_launcher_round"
18-->src\main\AndroidManifest.xml:9:9-54
19        android:supportsRtl="true"
19-->src\main\AndroidManifest.xml:10:9-35
20        android:testOnly="true"
21        android:theme="@style/AppTheme" >
21-->src\main\AndroidManifest.xml:11:9-40
22        <activity
22-->src\main\AndroidManifest.xml:12:9-113
23            android:name="com.example.todomvvm.screens.login.LoginActivity"
23-->src\main\AndroidManifest.xml:12:19-62
24            android:screenOrientation="fullSensor" />
24-->src\main\AndroidManifest.xml:12:63-101
25        <activity
25-->src\main\AndroidManifest.xml:13:9-19:20
26            android:name="com.example.todomvvm.screens.splash.SplashActivity"
26-->src\main\AndroidManifest.xml:13:19-64
27            android:screenOrientation="fullSensor"
27-->src\main\AndroidManifest.xml:13:99-137
28            android:theme="@style/StyleTheme" >
28-->src\main\AndroidManifest.xml:13:65-98
29            <intent-filter>
29-->src\main\AndroidManifest.xml:14:13-18:29
30                <action android:name="android.intent.action.MAIN" />
30-->src\main\AndroidManifest.xml:15:17-69
30-->src\main\AndroidManifest.xml:15:25-66
31
32                <category android:name="android.intent.category.LAUNCHER" />
32-->src\main\AndroidManifest.xml:17:17-77
32-->src\main\AndroidManifest.xml:17:27-74
33            </intent-filter>
34        </activity>
35        <activity
35-->src\main\AndroidManifest.xml:20:9-22:46
36            android:name="com.example.todomvvm.screens.addedittask.AddEditTaskActivity"
36-->src\main\AndroidManifest.xml:21:13-68
37            android:label="Add a new Task" />
37-->src\main\AndroidManifest.xml:22:13-43
38        <activity
38-->src\main\AndroidManifest.xml:23:9-24:45
39            android:name="com.example.todomvvm.screens.tasks.TaskListActivity"
39-->src\main\AndroidManifest.xml:23:19-65
40            android:launchMode="singleTop" />
40-->src\main\AndroidManifest.xml:24:13-43
41
42        <receiver android:name="com.example.todomvvm.data.notification.NotificationBroadcast" />
42-->src\main\AndroidManifest.xml:25:9-76
42-->src\main\AndroidManifest.xml:25:19-74
43
44        <meta-data
44-->src\main\AndroidManifest.xml:26:9-28:57
45            android:name="preloaded_fonts"
45-->src\main\AndroidManifest.xml:27:13-43
46            android:resource="@array/preloaded_fonts" />
46-->src\main\AndroidManifest.xml:28:13-54
47
48        <service
48-->[androidx.room:room-runtime:2.2.5] AndroidManifest.xml:25:9-28:40
49            android:name="androidx.room.MultiInstanceInvalidationService"
49-->[androidx.room:room-runtime:2.2.5] AndroidManifest.xml:26:13-74
50            android:directBootAware="true"
50-->[androidx.room:room-runtime:2.2.5] AndroidManifest.xml:27:13-43
51            android:exported="false" />
51-->[androidx.room:room-runtime:2.2.5] AndroidManifest.xml:28:13-37
52
53        <provider
53-->[androidx.lifecycle:lifecycle-process:2.2.0] AndroidManifest.xml:25:9-29:43
54            android:name="androidx.lifecycle.ProcessLifecycleOwnerInitializer"
54-->[androidx.lifecycle:lifecycle-process:2.2.0] AndroidManifest.xml:26:13-79
55            android:authorities="com.example.todomvvm.lifecycle-process"
55-->[androidx.lifecycle:lifecycle-process:2.2.0] AndroidManifest.xml:27:13-69
56            android:exported="false"
56-->[androidx.lifecycle:lifecycle-process:2.2.0] AndroidManifest.xml:28:13-37
57            android:multiprocess="true" />
57-->[androidx.lifecycle:lifecycle-process:2.2.0] AndroidManifest.xml:29:13-40
58    </application>
59
60</manifest>